gcc -c ../../userprog/syscall.c -o userprog/syscall.o -g -msoft-float -O0 -fno-omit-frame-pointer -mno-red-zone -mcmodel=large -fno-plt -fno-pic -mno-sse -fno-stack-protector -nostdinc -I../.. -I../../include/lib -I../../include -I../../include/lib/kernel -I../../lib/kernel -Wall -W -Wstrict-prototypes -Wmissing-prototypes -Wsystem-headers -DUSERPROG -DFILESYS -MMD -MF userprog/syscall.d
ld --no-relax -T threads/kernel.lds.s -o kernel.o threads/init.o threads/thread.o threads/interrupt.o threads/intr-stubs.o threads/synch.o threads/palloc.o threads/malloc.o threads/start.o threads/mmu.o tests/threads/tests.o tests/threads/alarm-wait.o tests/threads/alarm-simultaneous.o tests/threads/alarm-priority.o tests/threads/alarm-zero.o tests/threads/alarm-negative.o tests/threads/priority-change.o tests/threads/priority-donate-one.o tests/threads/priority-donate-multiple.o tests/threads/priority-donate-multiple2.o tests/threads/priority-donate-nest.o tests/threads/priority-donate-sema.o tests/threads/priority-donate-lower.o tests/threads/priority-fifo.o tests/threads/priority-preempt.o tests/threads/priority-sema.o tests/threads/priority-condvar.o tests/threads/priority-donate-chain.o tests/threads/mlfqs/mlfqs-load-1.o tests/threads/mlfqs/mlfqs-load-60.o tests/threads/mlfqs/mlfqs-load-avg.o tests/threads/mlfqs/mlfqs-recent-1.o tests/threads/mlfqs/mlfqs-fair.o tests/threads/mlfqs/mlfqs-block.o devices/timer.o devices/kbd.o devices/vga.o devices/serial.o devices/disk.o devices/input.o devices/intq.o lib/debug.o lib/random.o lib/stdio.o lib/stdlib.o lib/string.o lib/arithmetic.o lib/kernel/debug.o lib/kernel/list.o lib/kernel/bitmap.o lib/kernel/hash.o lib/kernel/console.o userprog/process.o userprog/exception.o userprog/syscall-entry.o userprog/syscall.o userprog/gdt.o userprog/tss.o filesys/filesys.o filesys/fat.o filesys/free-map.o filesys/file.o filesys/directory.o filesys/inode.o filesys/fsutil.o filesys/page_cache.o
objcopy -O binary -R .note -R .comment -S kernel.o kernel.bin.tmp
dd if=kernel.bin.tmp of=kernel.bin bs=4096 conv=sync
rm kernel.bin.tmp
gcc -c ../../threads/loader.S -o threads/loader.o -Wa,--gstabs -mcmodel=large -nostdinc -I../.. -I../../include/lib -I../../include -I../../include/lib/kernel -I../../lib/kernel -DUSERPROG -DFILESYS -DKERNEL_LOAD_PAGES=`perl -e 'print +(-s "kernel.bin") / 4096;'`
ld --no-relax -N -e start -Ttext 0x7c00 --oformat binary -o loader.bin threads/loader.o
cat loader.bin kernel.bin > os.dsk
pintos -v -k -T 60 -m 20   --fs-disk=10 -p tests/userprog/args-none:args-none -- -q   -f run args-none < /dev/null 2> tests/userprog/args-none.errors > tests/userprog/args-none.output
perl -I../.. ../../tests/userprog/args-none.ck tests/userprog/args-none tests/userprog/args-none.result
pass tests/userprog/args-none
pintos -v -k -T 60 -m 20   --fs-disk=10 -p tests/userprog/args-single:args-single -- -q   -f run 'args-single onearg' < /dev/null 2> tests/userprog/args-single.errors > tests/userprog/args-single.output
perl -I../.. ../../tests/userprog/args-single.ck tests/userprog/args-single tests/userprog/args-single.result
pass tests/userprog/args-single
pintos -v -k -T 60 -m 20   --fs-disk=10 -p tests/userprog/args-multiple:args-multiple -- -q   -f run 'args-multiple some arguments for you!' < /dev/null 2> tests/userprog/args-multiple.errors > tests/userprog/args-multiple.output
perl -I../.. ../../tests/userprog/args-multiple.ck tests/userprog/args-multiple tests/userprog/args-multiple.result
pass tests/userprog/args-multiple
pintos -v -k -T 60 -m 20   --fs-disk=10 -p tests/userprog/args-many:args-many -- -q   -f run 'args-many a b c d e f g h i j k l m n o p q r s t u v' < /dev/null 2> tests/userprog/args-many.errors > tests/userprog/args-many.output
perl -I../.. ../../tests/userprog/args-many.ck tests/userprog/args-many tests/userprog/args-many.result
pass tests/userprog/args-many
pintos -v -k -T 60 -m 20   --fs-disk=10 -p tests/userprog/args-dbl-space:args-dbl-space -- -q   -f run 'args-dbl-space two  spaces!' < /dev/null 2> tests/userprog/args-dbl-space.errors > tests/userprog/args-dbl-space.output
perl -I../.. ../../tests/userprog/args-dbl-space.ck tests/userprog/args-dbl-space tests/userprog/args-dbl-space.result
pass tests/userprog/args-dbl-space
pintos -v -k -T 60 -m 20   --fs-disk=10 -p tests/userprog/halt:halt -- -q   -f run halt < /dev/null 2> tests/userprog/halt.errors > tests/userprog/halt.output
perl -I../.. ../../tests/userprog/halt.ck tests/userprog/halt tests/userprog/halt.result
pass tests/userprog/halt
pintos -v -k -T 60 -m 20   --fs-disk=10 -p tests/userprog/exit:exit -- -q   -f run exit < /dev/null 2> tests/userprog/exit.errors > tests/userprog/exit.output
perl -I../.. ../../tests/userprog/exit.ck tests/userprog/exit tests/userprog/exit.result
pass tests/userprog/exit
pintos -v -k -T 60 -m 20   --fs-disk=10 -p tests/userprog/create-normal:create-normal -- -q   -f run create-normal < /dev/null 2> tests/userprog/create-normal.errors > tests/userprog/create-normal.output
perl -I../.. ../../tests/userprog/create-normal.ck tests/userprog/create-normal tests/userprog/create-normal.result
pass tests/userprog/create-normal
pintos -v -k -T 60 -m 20   --fs-disk=10 -p tests/userprog/create-empty:create-empty -- -q   -f run create-empty < /dev/null 2> tests/userprog/create-empty.errors > tests/userprog/create-empty.output
perl -I../.. ../../tests/userprog/create-empty.ck tests/userprog/create-empty tests/userprog/create-empty.result
pass tests/userprog/create-empty
pintos -v -k -T 60 -m 20   --fs-disk=10 -p tests/userprog/create-null:create-null -- -q   -f run create-null < /dev/null 2> tests/userprog/create-null.errors > tests/userprog/create-null.output
perl -I../.. ../../tests/userprog/create-null.ck tests/userprog/create-null tests/userprog/create-null.result
pass tests/userprog/create-null
pintos -v -k -T 60 -m 20   --fs-disk=10 -p tests/userprog/create-bad-ptr:create-bad-ptr -- -q   -f run create-bad-ptr < /dev/null 2> tests/userprog/create-bad-ptr.errors > tests/userprog/create-bad-ptr.output
perl -I../.. ../../tests/userprog/create-bad-ptr.ck tests/userprog/create-bad-ptr tests/userprog/create-bad-ptr.result
pass tests/userprog/create-bad-ptr
pintos -v -k -T 60 -m 20   --fs-disk=10 -p tests/userprog/create-long:create-long -- -q   -f run create-long < /dev/null 2> tests/userprog/create-long.errors > tests/userprog/create-long.output
perl -I../.. ../../tests/userprog/create-long.ck tests/userprog/create-long tests/userprog/create-long.result
pass tests/userprog/create-long
pintos -v -k -T 60 -m 20   --fs-disk=10 -p tests/userprog/create-exists:create-exists -- -q   -f run create-exists < /dev/null 2> tests/userprog/create-exists.errors > tests/userprog/create-exists.output
perl -I../.. ../../tests/userprog/create-exists.ck tests/userprog/create-exists tests/userprog/create-exists.result
pass tests/userprog/create-exists
pintos -v -k -T 60 -m 20   --fs-disk=10 -p tests/userprog/create-bound:create-bound -- -q   -f run create-bound < /dev/null 2> tests/userprog/create-bound.errors > tests/userprog/create-bound.output
perl -I../.. ../../tests/userprog/create-bound.ck tests/userprog/create-bound tests/userprog/create-bound.result
pass tests/userprog/create-bound
pintos -v -k -T 60 -m 20   --fs-disk=10 -p tests/userprog/open-normal:open-normal -p ../../tests/userprog/sample.txt:sample.txt -- -q   -f run open-normal < /dev/null 2> tests/userprog/open-normal.errors > tests/userprog/open-normal.output
perl -I../.. ../../tests/userprog/open-normal.ck tests/userprog/open-normal tests/userprog/open-normal.result
FAIL tests/userprog/open-normal
run: open() returned -1: FAILED
pintos -v -k -T 60 -m 20   --fs-disk=10 -p tests/userprog/open-missing:open-missing -- -q   -f run open-missing < /dev/null 2> tests/userprog/open-missing.errors > tests/userprog/open-missing.output
perl -I../.. ../../tests/userprog/open-missing.ck tests/userprog/open-missing tests/userprog/open-missing.result
FAIL tests/userprog/open-missing
run: open() returned 2: FAILED
pintos -v -k -T 60 -m 20   --fs-disk=10 -p tests/userprog/open-boundary:open-boundary -p ../../tests/userprog/sample.txt:sample.txt -- -q   -f run open-boundary < /dev/null 2> tests/userprog/open-boundary.errors > tests/userprog/open-boundary.output
perl -I../.. ../../tests/userprog/open-boundary.ck tests/userprog/open-boundary tests/userprog/open-boundary.result
FAIL tests/userprog/open-boundary
run: open "sample.txt": FAILED
pintos -v -k -T 60 -m 20   --fs-disk=10 -p tests/userprog/open-empty:open-empty -- -q   -f run open-empty < /dev/null 2> tests/userprog/open-empty.errors > tests/userprog/open-empty.output
perl -I../.. ../../tests/userprog/open-empty.ck tests/userprog/open-empty tests/userprog/open-empty.result
FAIL tests/userprog/open-empty
run: open() returned 2 instead of -1: FAILED
pintos -v -k -T 60 -m 20   --fs-disk=10 -p tests/userprog/open-null:open-null -- -q   -f run open-null < /dev/null 2> tests/userprog/open-null.errors > tests/userprog/open-null.output
perl -I../.. ../../tests/userprog/open-null.ck tests/userprog/open-null tests/userprog/open-null.result
pass tests/userprog/open-null
pintos -v -k -T 60 -m 20   --fs-disk=10 -p tests/userprog/open-bad-ptr:open-bad-ptr -- -q   -f run open-bad-ptr < /dev/null 2> tests/userprog/open-bad-ptr.errors > tests/userprog/open-bad-ptr.output
perl -I../.. ../../tests/userprog/open-bad-ptr.ck tests/userprog/open-bad-ptr tests/userprog/open-bad-ptr.result
pass tests/userprog/open-bad-ptr
pintos -v -k -T 60 -m 20   --fs-disk=10 -p tests/userprog/open-twice:open-twice -p ../../tests/userprog/sample.txt:sample.txt -- -q   -f run open-twice < /dev/null 2> tests/userprog/open-twice.errors > tests/userprog/open-twice.output
perl -I../.. ../../tests/userprog/open-twice.ck tests/userprog/open-twice tests/userprog/open-twice.result
FAIL tests/userprog/open-twice
run: open "sample.txt" once: FAILED
pintos -v -k -T 60 -m 20   --fs-disk=10 -p tests/userprog/close-normal:close-normal -p ../../tests/userprog/sample.txt:sample.txt -- -q   -f run close-normal < /dev/null 2> tests/userprog/close-normal.errors > tests/userprog/close-normal.output
perl -I../.. ../../tests/userprog/close-normal.ck tests/userprog/close-normal tests/userprog/close-normal.result
FAIL tests/userprog/close-normal
run: open "sample.txt": FAILED
pintos -v -k -T 60 -m 20   --fs-disk=10 -p tests/userprog/close-twice:close-twice -p ../../tests/userprog/sample.txt:sample.txt -- -q   -f run close-twice < /dev/null 2> tests/userprog/close-twice.errors > tests/userprog/close-twice.output
perl -I../.. ../../tests/userprog/close-twice.ck tests/userprog/close-twice tests/userprog/close-twice.result
FAIL tests/userprog/close-twice
run: open "sample.txt": FAILED
pintos -v -k -T 60 -m 20   --fs-disk=10 -p tests/userprog/close-bad-fd:close-bad-fd -- -q   -f run close-bad-fd < /dev/null 2> tests/userprog/close-bad-fd.errors > tests/userprog/close-bad-fd.output
perl -I../.. ../../tests/userprog/close-bad-fd.ck tests/userprog/close-bad-fd tests/userprog/close-bad-fd.result
pass tests/userprog/close-bad-fd
pintos -v -k -T 60 -m 20   --fs-disk=10 -p tests/userprog/read-normal:read-normal -p ../../tests/userprog/sample.txt:sample.txt -- -q   -f run read-normal < /dev/null 2> tests/userprog/read-normal.errors > tests/userprog/read-normal.output
perl -I../.. ../../tests/userprog/read-normal.ck tests/userprog/read-normal tests/userprog/read-normal.result
FAIL tests/userprog/read-normal
run: open "sample.txt" for verification: FAILED
pintos -v -k -T 60 -m 20   --fs-disk=10 -p tests/userprog/read-bad-ptr:read-bad-ptr -p ../../tests/userprog/sample.txt:sample.txt -- -q   -f run read-bad-ptr < /dev/null 2> tests/userprog/read-bad-ptr.errors > tests/userprog/read-bad-ptr.output
perl -I../.. ../../tests/userprog/read-bad-ptr.ck tests/userprog/read-bad-ptr tests/userprog/read-bad-ptr.result
FAIL tests/userprog/read-bad-ptr
run: open "sample.txt": FAILED
pintos -v -k -T 60 -m 20   --fs-disk=10 -p tests/userprog/read-boundary:read-boundary -p ../../tests/userprog/sample.txt:sample.txt -- -q   -f run read-boundary < /dev/null 2> tests/userprog/read-boundary.errors > tests/userprog/read-boundary.output
perl -I../.. ../../tests/userprog/read-boundary.ck tests/userprog/read-boundary tests/userprog/read-boundary.result
FAIL tests/userprog/read-boundary
run: open "sample.txt": FAILED
pintos -v -k -T 60 -m 20   --fs-disk=10 -p tests/userprog/read-zero:read-zero -p ../../tests/userprog/sample.txt:sample.txt -- -q   -f run read-zero < /dev/null 2> tests/userprog/read-zero.errors > tests/userprog/read-zero.output
perl -I../.. ../../tests/userprog/read-zero.ck tests/userprog/read-zero tests/userprog/read-zero.result
FAIL tests/userprog/read-zero
run: open "sample.txt": FAILED
pintos -v -k -T 60 -m 20   --fs-disk=10 -p tests/userprog/read-stdout:read-stdout -- -q   -f run read-stdout < /dev/null 2> tests/userprog/read-stdout.errors > tests/userprog/read-stdout.output
perl -I../.. ../../tests/userprog/read-stdout.ck tests/userprog/read-stdout tests/userprog/read-stdout.result
pass tests/userprog/read-stdout
pintos -v -k -T 60 -m 20   --fs-disk=10 -p tests/userprog/read-bad-fd:read-bad-fd -- -q   -f run read-bad-fd < /dev/null 2> tests/userprog/read-bad-fd.errors > tests/userprog/read-bad-fd.output
perl -I../.. ../../tests/userprog/read-bad-fd.ck tests/userprog/read-bad-fd tests/userprog/read-bad-fd.result
pass tests/userprog/read-bad-fd
pintos -v -k -T 60 -m 20   --fs-disk=10 -p tests/userprog/write-normal:write-normal -p ../../tests/userprog/sample.txt:sample.txt -- -q   -f run write-normal < /dev/null 2> tests/userprog/write-normal.errors > tests/userprog/write-normal.output
perl -I../.. ../../tests/userprog/write-normal.ck tests/userprog/write-normal tests/userprog/write-normal.result
FAIL tests/userprog/write-normal
run: open "test.txt": FAILED
pintos -v -k -T 60 -m 20   --fs-disk=10 -p tests/userprog/write-bad-ptr:write-bad-ptr -p ../../tests/userprog/sample.txt:sample.txt -- -q   -f run write-bad-ptr < /dev/null 2> tests/userprog/write-bad-ptr.errors > tests/userprog/write-bad-ptr.output
perl -I../.. ../../tests/userprog/write-bad-ptr.ck tests/userprog/write-bad-ptr tests/userprog/write-bad-ptr.result
FAIL tests/userprog/write-bad-ptr
run: open "sample.txt": FAILED
pintos -v -k -T 60 -m 20   --fs-disk=10 -p tests/userprog/write-boundary:write-boundary -p ../../tests/userprog/sample.txt:sample.txt -- -q   -f run write-boundary < /dev/null 2> tests/userprog/write-boundary.errors > tests/userprog/write-boundary.output
perl -I../.. ../../tests/userprog/write-boundary.ck tests/userprog/write-boundary tests/userprog/write-boundary.result
FAIL tests/userprog/write-boundary
run: open "sample.txt": FAILED
pintos -v -k -T 60 -m 20   --fs-disk=10 -p tests/userprog/write-zero:write-zero -p ../../tests/userprog/sample.txt:sample.txt -- -q   -f run write-zero < /dev/null 2> tests/userprog/write-zero.errors > tests/userprog/write-zero.output
perl -I../.. ../../tests/userprog/write-zero.ck tests/userprog/write-zero tests/userprog/write-zero.result
FAIL tests/userprog/write-zero
run: open "sample.txt": FAILED
pintos -v -k -T 60 -m 20   --fs-disk=10 -p tests/userprog/write-stdin:write-stdin -- -q   -f run write-stdin < /dev/null 2> tests/userprog/write-stdin.errors > tests/userprog/write-stdin.output
perl -I../.. ../../tests/userprog/write-stdin.ck tests/userprog/write-stdin tests/userprog/write-stdin.result
pass tests/userprog/write-stdin
pintos -v -k -T 60 -m 20   --fs-disk=10 -p tests/userprog/write-bad-fd:write-bad-fd -- -q   -f run write-bad-fd < /dev/null 2> tests/userprog/write-bad-fd.errors > tests/userprog/write-bad-fd.output
perl -I../.. ../../tests/userprog/write-bad-fd.ck tests/userprog/write-bad-fd tests/userprog/write-bad-fd.result
pass tests/userprog/write-bad-fd
pintos -v -k -T 60 -m 20   --fs-disk=10 -p tests/userprog/fork-once:fork-once -- -q   -f run fork-once < /dev/null 2> tests/userprog/fork-once.errors > tests/userprog/fork-once.output
perl -I../.. ../../tests/userprog/fork-once.ck tests/userprog/fork-once tests/userprog/fork-once.result
FAIL tests/userprog/fork-once
Test output failed to match any acceptable form.

Acceptable output:
  (fork-once) begin
  (fork-once) child run
  child: exit(81)
  (fork-once) Parent: child exit status is 81
  (fork-once) end
  fork-once: exit(0)
Differences in `diff -u' format:
  (fork-once) begin
- (fork-once) child run
- child: exit(81)
- (fork-once) Parent: child exit status is 81
- (fork-once) end
- fork-once: exit(0)
+ fork-once: exit(-1)
pintos -v -k -T 60 -m 20   --fs-disk=10 -p tests/userprog/fork-multiple:fork-multiple -- -q   -f run fork-multiple < /dev/null 2> tests/userprog/fork-multiple.errors > tests/userprog/fork-multiple.output
perl -I../.. ../../tests/userprog/fork-multiple.ck tests/userprog/fork-multiple tests/userprog/fork-multiple.result
FAIL tests/userprog/fork-multiple
Test output failed to match any acceptable form.

Acceptable output:
  (fork-multiple) begin
  (fork-multiple) child run
  child: exit(4)
  (fork-multiple) Parent: child exit status is 4
  (fork-multiple) child run
  child: exit(5)
  (fork-multiple) Parent: child exit status is 5
  (fork-multiple) child run
  child: exit(6)
  (fork-multiple) Parent: child exit status is 6
  (fork-multiple) child run
  child: exit(7)
  (fork-multiple) Parent: child exit status is 7
  (fork-multiple) end
  fork-multiple: exit(0)
Differences in `diff -u' format:
  (fork-multiple) begin
- (fork-multiple) child run
- child: exit(4)
- (fork-multiple) Parent: child exit status is 4
- (fork-multiple) child run
- child: exit(5)
- (fork-multiple) Parent: child exit status is 5
- (fork-multiple) child run
- child: exit(6)
- (fork-multiple) Parent: child exit status is 6
- (fork-multiple) child run
- child: exit(7)
- (fork-multiple) Parent: child exit status is 7
- (fork-multiple) end
- fork-multiple: exit(0)
+ fork-multiple: exit(-1)
pintos -v -k -T 60 -m 20   --fs-disk=10 -p tests/userprog/fork-recursive:fork-recursive -- -q   -f run fork-recursive < /dev/null 2> tests/userprog/fork-recursive.errors > tests/userprog/fork-recursive.output
perl -I../.. ../../tests/userprog/fork-recursive.ck tests/userprog/fork-recursive tests/userprog/fork-recursive.result
FAIL tests/userprog/fork-recursive
Test output failed to match any acceptable form.

Acceptable output:
  (fork-recursive) begin
  (fork-recursive) child run
  (fork-recursive) child run
  (fork-recursive) child run
  (fork-recursive) child run
  (fork-recursive) child run
  (fork-recursive) child run
  (fork-recursive) child run
  (fork-recursive) child run
  child: exit(10)
  (fork-recursive) Parent: child exit status is 10
  child: exit(10)
  (fork-recursive) Parent: child exit status is 10
  child: exit(9)
  (fork-recursive) Parent: child exit status is 9
  child: exit(8)
  (fork-recursive) Parent: child exit status is 8
  child: exit(7)
  (fork-recursive) Parent: child exit status is 7
  child: exit(6)
  (fork-recursive) Parent: child exit status is 6
  child: exit(5)
  (fork-recursive) Parent: child exit status is 5
  child: exit(4)
  (fork-recursive) Parent: child exit status is 4
  (fork-recursive) end
  fork-recursive: exit(0)
Differences in `diff -u' format:
  (fork-recursive) begin
- (fork-recursive) child run
- (fork-recursive) child run
- (fork-recursive) child run
- (fork-recursive) child run
- (fork-recursive) child run
- (fork-recursive) child run
- (fork-recursive) child run
- (fork-recursive) child run
- child: exit(10)
- (fork-recursive) Parent: child exit status is 10
- child: exit(10)
- (fork-recursive) Parent: child exit status is 10
- child: exit(9)
- (fork-recursive) Parent: child exit status is 9
- child: exit(8)
- (fork-recursive) Parent: child exit status is 8
- child: exit(7)
- (fork-recursive) Parent: child exit status is 7
- child: exit(6)
- (fork-recursive) Parent: child exit status is 6
- child: exit(5)
- (fork-recursive) Parent: child exit status is 5
- child: exit(4)
- (fork-recursive) Parent: child exit status is 4
- (fork-recursive) end
- fork-recursive: exit(0)
+ fork-recursive: exit(-1)
pintos -v -k -T 60 -m 20   --fs-disk=10 -p tests/userprog/fork-read:fork-read -p ../../tests/userprog/sample.txt:sample.txt -- -q   -f run fork-read < /dev/null 2> tests/userprog/fork-read.errors > tests/userprog/fork-read.output
perl -I../.. ../../tests/userprog/fork-read.ck tests/userprog/fork-read tests/userprog/fork-read.result
FAIL tests/userprog/fork-read
run: open "sample.txt": FAILED
pintos -v -k -T 60 -m 20   --fs-disk=10 -p tests/userprog/fork-close:fork-close -p ../../tests/userprog/sample.txt:sample.txt -- -q   -f run fork-close < /dev/null 2> tests/userprog/fork-close.errors > tests/userprog/fork-close.output
perl -I../.. ../../tests/userprog/fork-close.ck tests/userprog/fork-close tests/userprog/fork-close.result
FAIL tests/userprog/fork-close
run: open "sample.txt": FAILED
pintos -v -k -T 60 -m 20   --fs-disk=10 -p tests/userprog/fork-boundary:fork-boundary -- -q   -f run fork-boundary < /dev/null 2> tests/userprog/fork-boundary.errors > tests/userprog/fork-boundary.output
perl -I../.. ../../tests/userprog/fork-boundary.ck tests/userprog/fork-boundary tests/userprog/fork-boundary.result
FAIL tests/userprog/fork-boundary
Test output failed to match any acceptable form.

Acceptable output:
  (fork-boundary) begin
  (fork-boundary) child run
  child-simple: exit(54)
  (fork-boundary) fork
  (fork-boundary) wait
  (fork-boundary) end
  fork-boundary: exit(0)
Differences in `diff -u' format:
  (fork-boundary) begin
- (fork-boundary) child run
- child-simple: exit(54)
- (fork-boundary) fork
- (fork-boundary) wait
- (fork-boundary) end
- fork-boundary: exit(0)
+ fork-boundary: exit(-1)
pintos -v -k -T 60 -m 20   --fs-disk=10 -p tests/userprog/exec-once:exec-once -p tests/userprog/child-simple:child-simple -- -q   -f run exec-once < /dev/null 2> tests/userprog/exec-once.errors > tests/userprog/exec-once.output
perl -I../.. ../../tests/userprog/exec-once.ck tests/userprog/exec-once tests/userprog/exec-once.result
pass tests/userprog/exec-once
pintos -v -k -T 60 -m 20   --fs-disk=10 -p tests/userprog/exec-arg:exec-arg -p tests/userprog/child-args:child-args -- -q   -f run exec-arg < /dev/null 2> tests/userprog/exec-arg.errors > tests/userprog/exec-arg.output
perl -I../.. ../../tests/userprog/exec-arg.ck tests/userprog/exec-arg tests/userprog/exec-arg.result
pass tests/userprog/exec-arg
pintos -v -k -T 60 -m 20   --fs-disk=10 -p tests/userprog/exec-boundary:exec-boundary -p tests/userprog/child-simple:child-simple -- -q   -f run exec-boundary < /dev/null 2> tests/userprog/exec-boundary.errors > tests/userprog/exec-boundary.output
perl -I../.. ../../tests/userprog/exec-boundary.ck tests/userprog/exec-boundary tests/userprog/exec-boundary.result
FAIL tests/userprog/exec-boundary
Test output failed to match any acceptable form.

Acceptable output:
  (exec-boundary) begin
  (child-simple) run
  child-simple: exit(81)
  (exec-boundary) fork
  (exec-boundary) wait
  (exec-boundary) end
  exec-boundary: exit(0)
Differences in `diff -u' format:
  (exec-boundary) begin
- (child-simple) run
- child-simple: exit(81)
- (exec-boundary) fork
- (exec-boundary) wait
- (exec-boundary) end
- exec-boundary: exit(0)
+ exec-boundary: exit(-1)
pintos -v -k -T 60 -m 20   --fs-disk=10 -p tests/userprog/exec-missing:exec-missing -- -q   -f run exec-missing < /dev/null 2> tests/userprog/exec-missing.errors > tests/userprog/exec-missing.output
perl -I../.. ../../tests/userprog/exec-missing.ck tests/userprog/exec-missing tests/userprog/exec-missing.result
pass tests/userprog/exec-missing
pintos -v -k -T 60 -m 20   --fs-disk=10 -p tests/userprog/exec-bad-ptr:exec-bad-ptr -- -q   -f run exec-bad-ptr < /dev/null 2> tests/userprog/exec-bad-ptr.errors > tests/userprog/exec-bad-ptr.output
perl -I../.. ../../tests/userprog/exec-bad-ptr.ck tests/userprog/exec-bad-ptr tests/userprog/exec-bad-ptr.result
pass tests/userprog/exec-bad-ptr
pintos -v -k -T 60 -m 20   --fs-disk=10 -p tests/userprog/exec-read:exec-read -p ../../tests/userprog/sample.txt:sample.txt -p tests/userprog/child-read:child-read -- -q   -f run exec-read < /dev/null 2> tests/userprog/exec-read.errors > tests/userprog/exec-read.output
perl -I../.. ../../tests/userprog/exec-read.ck tests/userprog/exec-read tests/userprog/exec-read.result
FAIL tests/userprog/exec-read
run: open "sample.txt": FAILED
pintos -v -k -T 60 -m 20   --fs-disk=10 -p tests/userprog/wait-simple:wait-simple -p tests/userprog/child-simple:child-simple -- -q   -f run wait-simple < /dev/null 2> tests/userprog/wait-simple.errors > tests/userprog/wait-simple.output
perl -I../.. ../../tests/userprog/wait-simple.ck tests/userprog/wait-simple tests/userprog/wait-simple.result
FAIL tests/userprog/wait-simple
Test output failed to match any acceptable form.

Acceptable output:
  (wait-simple) begin
  (child-simple) run
  child-simple: exit(81)
  (wait-simple) wait(exec()) = 81
  (wait-simple) end
  wait-simple: exit(0)
Differences in `diff -u' format:
  (wait-simple) begin
- (child-simple) run
- child-simple: exit(81)
- (wait-simple) wait(exec()) = 81
- (wait-simple) end
- wait-simple: exit(0)
+ wait-simple: exit(-1)
pintos -v -k -T 60 -m 20   --fs-disk=10 -p tests/userprog/wait-twice:wait-twice -p tests/userprog/child-simple:child-simple -- -q   -f run wait-twice < /dev/null 2> tests/userprog/wait-twice.errors > tests/userprog/wait-twice.output
perl -I../.. ../../tests/userprog/wait-twice.ck tests/userprog/wait-twice tests/userprog/wait-twice.result
FAIL tests/userprog/wait-twice
Test output failed to match any acceptable form.

Acceptable output:
  (wait-twice) begin
  (child-simple) run
  child-simple: exit(81)
  (wait-twice) wait(exec()) = 81
  (wait-twice) wait(exec()) = -1
  (wait-twice) end
  wait-twice: exit(0)
Differences in `diff -u' format:
  (wait-twice) begin
- (child-simple) run
- child-simple: exit(81)
- (wait-twice) wait(exec()) = 81
- (wait-twice) wait(exec()) = -1
- (wait-twice) end
- wait-twice: exit(0)
+ wait-twice: exit(-1)
pintos -v -k -T 60 -m 20   --fs-disk=10 -p tests/userprog/wait-killed:wait-killed -p tests/userprog/child-bad:child-bad -- -q   -f run wait-killed < /dev/null 2> tests/userprog/wait-killed.errors > tests/userprog/wait-killed.output
perl -I../.. ../../tests/userprog/wait-killed.ck tests/userprog/wait-killed tests/userprog/wait-killed.result
FAIL tests/userprog/wait-killed
Test output failed to match any acceptable form.

Acceptable output:
  (wait-killed) begin
  (child-bad) begin
  child-bad: exit(-1)
  (wait-killed) wait(exec()) = -1
  (wait-killed) end
  wait-killed: exit(0)
Differences in `diff -u' format:
  (wait-killed) begin
- (child-bad) begin
- child-bad: exit(-1)
- (wait-killed) wait(exec()) = -1
- (wait-killed) end
- wait-killed: exit(0)
+ wait-killed: exit(-1)
Acceptable output:
  (wait-killed) begin
  (child-bad) begin
  load: pintos: open failed
  child-bad: exit(-1)
  (wait-killed) wait(exec()) = -1
  (wait-killed) end
  wait-killed: exit(0)
Differences in `diff -u' format:
  (wait-killed) begin
- (child-bad) begin
- load: pintos: open failed
- child-bad: exit(-1)
- (wait-killed) wait(exec()) = -1
- (wait-killed) end
- wait-killed: exit(0)
+ wait-killed: exit(-1)
pintos -v -k -T 60 -m 20   --fs-disk=10 -p tests/userprog/wait-bad-pid:wait-bad-pid -- -q   -f run wait-bad-pid < /dev/null 2> tests/userprog/wait-bad-pid.errors > tests/userprog/wait-bad-pid.output
perl -I../.. ../../tests/userprog/wait-bad-pid.ck tests/userprog/wait-bad-pid tests/userprog/wait-bad-pid.result
pass tests/userprog/wait-bad-pid
pintos -v -k -T 60 -m 20   --fs-disk=10 -p tests/userprog/multi-recurse:multi-recurse -- -q   -f run 'multi-recurse 15' < /dev/null 2> tests/userprog/multi-recurse.errors > tests/userprog/multi-recurse.output
perl -I../.. ../../tests/userprog/multi-recurse.ck tests/userprog/multi-recurse tests/userprog/multi-recurse.result
FAIL tests/userprog/multi-recurse
Test output failed to match any acceptable form.

Acceptable output:
  (multi-recurse) begin 15
  (multi-recurse) exec("multi-recurse 14")
  (multi-recurse) begin 14
  (multi-recurse) exec("multi-recurse 13")
  (multi-recurse) begin 13
  (multi-recurse) exec("multi-recurse 12")
  (multi-recurse) begin 12
  (multi-recurse) exec("multi-recurse 11")
  (multi-recurse) begin 11
  (multi-recurse) exec("multi-recurse 10")
  (multi-recurse) begin 10
  (multi-recurse) exec("multi-recurse 9")
  (multi-recurse) begin 9
  (multi-recurse) exec("multi-recurse 8")
  (multi-recurse) begin 8
  (multi-recurse) exec("multi-recurse 7")
  (multi-recurse) begin 7
  (multi-recurse) exec("multi-recurse 6")
  (multi-recurse) begin 6
  (multi-recurse) exec("multi-recurse 5")
  (multi-recurse) begin 5
  (multi-recurse) exec("multi-recurse 4")
  (multi-recurse) begin 4
  (multi-recurse) exec("multi-recurse 3")
  (multi-recurse) begin 3
  (multi-recurse) exec("multi-recurse 2")
  (multi-recurse) begin 2
  (multi-recurse) exec("multi-recurse 1")
  (multi-recurse) begin 1
  (multi-recurse) exec("multi-recurse 0")
  (multi-recurse) begin 0
  (multi-recurse) end 0
  multi-recurse: exit(0)
  (multi-recurse) end 1
  multi-recurse: exit(1)
  (multi-recurse) end 2
  multi-recurse: exit(2)
  (multi-recurse) end 3
  multi-recurse: exit(3)
  (multi-recurse) end 4
  multi-recurse: exit(4)
  (multi-recurse) end 5
  multi-recurse: exit(5)
  (multi-recurse) end 6
  multi-recurse: exit(6)
  (multi-recurse) end 7
  multi-recurse: exit(7)
  (multi-recurse) end 8
  multi-recurse: exit(8)
  (multi-recurse) end 9
  multi-recurse: exit(9)
  (multi-recurse) end 10
  multi-recurse: exit(10)
  (multi-recurse) end 11
  multi-recurse: exit(11)
  (multi-recurse) end 12
  multi-recurse: exit(12)
  (multi-recurse) end 13
  multi-recurse: exit(13)
  (multi-recurse) end 14
  multi-recurse: exit(14)
  (multi-recurse) end 15
  multi-recurse: exit(15)
Differences in `diff -u' format:
  (multi-recurse) begin 15
  (multi-recurse) exec("multi-recurse 14")
- (multi-recurse) begin 14
- (multi-recurse) exec("multi-recurse 13")
- (multi-recurse) begin 13
- (multi-recurse) exec("multi-recurse 12")
- (multi-recurse) begin 12
- (multi-recurse) exec("multi-recurse 11")
- (multi-recurse) begin 11
- (multi-recurse) exec("multi-recurse 10")
- (multi-recurse) begin 10
- (multi-recurse) exec("multi-recurse 9")
- (multi-recurse) begin 9
- (multi-recurse) exec("multi-recurse 8")
- (multi-recurse) begin 8
- (multi-recurse) exec("multi-recurse 7")
- (multi-recurse) begin 7
- (multi-recurse) exec("multi-recurse 6")
- (multi-recurse) begin 6
- (multi-recurse) exec("multi-recurse 5")
- (multi-recurse) begin 5
- (multi-recurse) exec("multi-recurse 4")
- (multi-recurse) begin 4
- (multi-recurse) exec("multi-recurse 3")
- (multi-recurse) begin 3
- (multi-recurse) exec("multi-recurse 2")
- (multi-recurse) begin 2
- (multi-recurse) exec("multi-recurse 1")
- (multi-recurse) begin 1
- (multi-recurse) exec("multi-recurse 0")
- (multi-recurse) begin 0
- (multi-recurse) end 0
- multi-recurse: exit(0)
- (multi-recurse) end 1
- multi-recurse: exit(1)
- (multi-recurse) end 2
- multi-recurse: exit(2)
- (multi-recurse) end 3
- multi-recurse: exit(3)
- (multi-recurse) end 4
- multi-recurse: exit(4)
- (multi-recurse) end 5
- multi-recurse: exit(5)
- (multi-recurse) end 6
- multi-recurse: exit(6)
- (multi-recurse) end 7
- multi-recurse: exit(7)
- (multi-recurse) end 8
- multi-recurse: exit(8)
- (multi-recurse) end 9
- multi-recurse: exit(9)
- (multi-recurse) end 10
- multi-recurse: exit(10)
- (multi-recurse) end 11
- multi-recurse: exit(11)
- (multi-recurse) end 12
- multi-recurse: exit(12)
- (multi-recurse) end 13
- multi-recurse: exit(13)
- (multi-recurse) end 14
- multi-recurse: exit(14)
- (multi-recurse) end 15
- multi-recurse: exit(15)
+ multi-recurse: exit(-1)
pintos -v -k -T 60 -m 20   --fs-disk=10 -p tests/userprog/multi-child-fd:multi-child-fd -p ../../tests/userprog/sample.txt:sample.txt -p tests/userprog/child-close:child-close -- -q   -f run multi-child-fd < /dev/null 2> tests/userprog/multi-child-fd.errors > tests/userprog/multi-child-fd.output
perl -I../.. ../../tests/userprog/multi-child-fd.ck tests/userprog/multi-child-fd tests/userprog/multi-child-fd.result
FAIL tests/userprog/multi-child-fd
run: open "sample.txt": FAILED
pintos -v -k -T 60 -m 20   --fs-disk=10 -p tests/userprog/rox-simple:rox-simple -- -q   -f run rox-simple < /dev/null 2> tests/userprog/rox-simple.errors > tests/userprog/rox-simple.output
perl -I../.. ../../tests/userprog/rox-simple.ck tests/userprog/rox-simple tests/userprog/rox-simple.result
FAIL tests/userprog/rox-simple
run: open "rox-simple": FAILED
pintos -v -k -T 60 -m 20   --fs-disk=10 -p tests/userprog/rox-child:rox-child -p tests/userprog/child-rox:child-rox -- -q   -f run rox-child < /dev/null 2> tests/userprog/rox-child.errors > tests/userprog/rox-child.output
perl -I../.. ../../tests/userprog/rox-child.ck tests/userprog/rox-child tests/userprog/rox-child.result
FAIL tests/userprog/rox-child
run: open "child-rox": FAILED
pintos -v -k -T 60 -m 20   --fs-disk=10 -p tests/userprog/rox-multichild:rox-multichild -p tests/userprog/child-rox:child-rox -- -q   -f run rox-multichild < /dev/null 2> tests/userprog/rox-multichild.errors > tests/userprog/rox-multichild.output
perl -I../.. ../../tests/userprog/rox-multichild.ck tests/userprog/rox-multichild tests/userprog/rox-multichild.result
FAIL tests/userprog/rox-multichild
run: open "child-rox": FAILED
pintos -v -k -T 60 -m 20   --fs-disk=10 -p tests/userprog/bad-read:bad-read -- -q   -f run bad-read < /dev/null 2> tests/userprog/bad-read.errors > tests/userprog/bad-read.output
perl -I../.. ../../tests/userprog/bad-read.ck tests/userprog/bad-read tests/userprog/bad-read.result
pass tests/userprog/bad-read
pintos -v -k -T 60 -m 20   --fs-disk=10 -p tests/userprog/bad-write:bad-write -- -q   -f run bad-write < /dev/null 2> tests/userprog/bad-write.errors > tests/userprog/bad-write.output
perl -I../.. ../../tests/userprog/bad-write.ck tests/userprog/bad-write tests/userprog/bad-write.result
pass tests/userprog/bad-write
pintos -v -k -T 60 -m 20   --fs-disk=10 -p tests/userprog/bad-read2:bad-read2 -- -q   -f run bad-read2 < /dev/null 2> tests/userprog/bad-read2.errors > tests/userprog/bad-read2.output
perl -I../.. ../../tests/userprog/bad-read2.ck tests/userprog/bad-read2 tests/userprog/bad-read2.result
pass tests/userprog/bad-read2
pintos -v -k -T 60 -m 20   --fs-disk=10 -p tests/userprog/bad-write2:bad-write2 -- -q   -f run bad-write2 < /dev/null 2> tests/userprog/bad-write2.errors > tests/userprog/bad-write2.output
perl -I../.. ../../tests/userprog/bad-write2.ck tests/userprog/bad-write2 tests/userprog/bad-write2.result
pass tests/userprog/bad-write2
pintos -v -k -T 60 -m 20   --fs-disk=10 -p tests/userprog/bad-jump:bad-jump -- -q   -f run bad-jump < /dev/null 2> tests/userprog/bad-jump.errors > tests/userprog/bad-jump.output
perl -I../.. ../../tests/userprog/bad-jump.ck tests/userprog/bad-jump tests/userprog/bad-jump.result
pass tests/userprog/bad-jump
pintos -v -k -T 60 -m 20   --fs-disk=10 -p tests/userprog/bad-jump2:bad-jump2 -- -q   -f run bad-jump2 < /dev/null 2> tests/userprog/bad-jump2.errors > tests/userprog/bad-jump2.output
perl -I../.. ../../tests/userprog/bad-jump2.ck tests/userprog/bad-jump2 tests/userprog/bad-jump2.result
pass tests/userprog/bad-jump2
pintos -v -k -T 60 -m 20   --fs-disk=10 -p tests/filesys/base/lg-create:lg-create -- -q   -f run lg-create < /dev/null 2> tests/filesys/base/lg-create.errors > tests/filesys/base/lg-create.output
perl -I../.. ../../tests/filesys/base/lg-create.ck tests/filesys/base/lg-create tests/filesys/base/lg-create.result
FAIL tests/filesys/base/lg-create
run: open "blargle" for verification: FAILED
pintos -v -k -T 60 -m 20   --fs-disk=10 -p tests/filesys/base/lg-full:lg-full -- -q   -f run lg-full < /dev/null 2> tests/filesys/base/lg-full.errors > tests/filesys/base/lg-full.output
perl -I../.. ../../tests/filesys/base/lg-full.ck tests/filesys/base/lg-full tests/filesys/base/lg-full.result
FAIL tests/filesys/base/lg-full
run: open "quux": FAILED
pintos -v -k -T 60 -m 20   --fs-disk=10 -p tests/filesys/base/lg-random:lg-random -- -q   -f run lg-random < /dev/null 2> tests/filesys/base/lg-random.errors > tests/filesys/base/lg-random.output
perl -I../.. ../../tests/filesys/base/lg-random.ck tests/filesys/base/lg-random tests/filesys/base/lg-random.result
FAIL tests/filesys/base/lg-random
run: open "bazzle": FAILED
pintos -v -k -T 60 -m 20   --fs-disk=10 -p tests/filesys/base/lg-seq-block:lg-seq-block -- -q   -f run lg-seq-block < /dev/null 2> tests/filesys/base/lg-seq-block.errors > tests/filesys/base/lg-seq-block.output
perl -I../.. ../../tests/filesys/base/lg-seq-block.ck tests/filesys/base/lg-seq-block tests/filesys/base/lg-seq-block.result
FAIL tests/filesys/base/lg-seq-block
run: open "noodle": FAILED
pintos -v -k -T 60 -m 20   --fs-disk=10 -p tests/filesys/base/lg-seq-random:lg-seq-random -- -q   -f run lg-seq-random < /dev/null 2> tests/filesys/base/lg-seq-random.errors > tests/filesys/base/lg-seq-random.output
perl -I../.. ../../tests/filesys/base/lg-seq-random.ck tests/filesys/base/lg-seq-random tests/filesys/base/lg-seq-random.result
FAIL tests/filesys/base/lg-seq-random
run: open "nibble": FAILED
pintos -v -k -T 60 -m 20   --fs-disk=10 -p tests/filesys/base/sm-create:sm-create -- -q   -f run sm-create < /dev/null 2> tests/filesys/base/sm-create.errors > tests/filesys/base/sm-create.output
perl -I../.. ../../tests/filesys/base/sm-create.ck tests/filesys/base/sm-create tests/filesys/base/sm-create.result
FAIL tests/filesys/base/sm-create
run: open "blargle" for verification: FAILED
pintos -v -k -T 60 -m 20   --fs-disk=10 -p tests/filesys/base/sm-full:sm-full -- -q   -f run sm-full < /dev/null 2> tests/filesys/base/sm-full.errors > tests/filesys/base/sm-full.output
perl -I../.. ../../tests/filesys/base/sm-full.ck tests/filesys/base/sm-full tests/filesys/base/sm-full.result
FAIL tests/filesys/base/sm-full
run: open "quux": FAILED
pintos -v -k -T 60 -m 20   --fs-disk=10 -p tests/filesys/base/sm-random:sm-random -- -q   -f run sm-random < /dev/null 2> tests/filesys/base/sm-random.errors > tests/filesys/base/sm-random.output
perl -I../.. ../../tests/filesys/base/sm-random.ck tests/filesys/base/sm-random tests/filesys/base/sm-random.result
FAIL tests/filesys/base/sm-random
run: open "bazzle": FAILED
pintos -v -k -T 60 -m 20   --fs-disk=10 -p tests/filesys/base/sm-seq-block:sm-seq-block -- -q   -f run sm-seq-block < /dev/null 2> tests/filesys/base/sm-seq-block.errors > tests/filesys/base/sm-seq-block.output
perl -I../.. ../../tests/filesys/base/sm-seq-block.ck tests/filesys/base/sm-seq-block tests/filesys/base/sm-seq-block.result
FAIL tests/filesys/base/sm-seq-block
run: open "noodle": FAILED
pintos -v -k -T 60 -m 20   --fs-disk=10 -p tests/filesys/base/sm-seq-random:sm-seq-random -- -q   -f run sm-seq-random < /dev/null 2> tests/filesys/base/sm-seq-random.errors > tests/filesys/base/sm-seq-random.output
perl -I../.. ../../tests/filesys/base/sm-seq-random.ck tests/filesys/base/sm-seq-random tests/filesys/base/sm-seq-random.result
FAIL tests/filesys/base/sm-seq-random
run: open "nibble": FAILED
pintos -v -k -T 300 -m 20   --fs-disk=10 -p tests/filesys/base/syn-read:syn-read -p tests/filesys/base/child-syn-read:child-syn-read -- -q   -f run syn-read < /dev/null 2> tests/filesys/base/syn-read.errors > tests/filesys/base/syn-read.output
perl -I../.. ../../tests/filesys/base/syn-read.ck tests/filesys/base/syn-read tests/filesys/base/syn-read.result
FAIL tests/filesys/base/syn-read
run: open "data": FAILED
pintos -v -k -T 60 -m 20   --fs-disk=10 -p tests/filesys/base/syn-remove:syn-remove -- -q   -f run syn-remove < /dev/null 2> tests/filesys/base/syn-remove.errors > tests/filesys/base/syn-remove.output
perl -I../.. ../../tests/filesys/base/syn-remove.ck tests/filesys/base/syn-remove tests/filesys/base/syn-remove.result
FAIL tests/filesys/base/syn-remove
run: open "deleteme": FAILED
pintos -v -k -T 60 -m 20   --fs-disk=10 -p tests/filesys/base/syn-write:syn-write -p tests/filesys/base/child-syn-wrt:child-syn-wrt -- -q   -f run syn-write < /dev/null 2> tests/filesys/base/syn-write.errors > tests/filesys/base/syn-write.output
perl -I../.. ../../tests/filesys/base/syn-write.ck tests/filesys/base/syn-write tests/filesys/base/syn-write.result
FAIL tests/filesys/base/syn-write
Test output failed to match any acceptable form.

Acceptable output:
  (syn-write) begin
  (syn-write) create "stuff"
  (syn-write) exec child 1 of 10: "child-syn-wrt 0"
  (syn-write) exec child 2 of 10: "child-syn-wrt 1"
  (syn-write) exec child 3 of 10: "child-syn-wrt 2"
  (syn-write) exec child 4 of 10: "child-syn-wrt 3"
  (syn-write) exec child 5 of 10: "child-syn-wrt 4"
  (syn-write) exec child 6 of 10: "child-syn-wrt 5"
  (syn-write) exec child 7 of 10: "child-syn-wrt 6"
  (syn-write) exec child 8 of 10: "child-syn-wrt 7"
  (syn-write) exec child 9 of 10: "child-syn-wrt 8"
  (syn-write) exec child 10 of 10: "child-syn-wrt 9"
  (syn-write) wait for child 1 of 10 returned 0 (expected 0)
  (syn-write) wait for child 2 of 10 returned 1 (expected 1)
  (syn-write) wait for child 3 of 10 returned 2 (expected 2)
  (syn-write) wait for child 4 of 10 returned 3 (expected 3)
  (syn-write) wait for child 5 of 10 returned 4 (expected 4)
  (syn-write) wait for child 6 of 10 returned 5 (expected 5)
  (syn-write) wait for child 7 of 10 returned 6 (expected 6)
  (syn-write) wait for child 8 of 10 returned 7 (expected 7)
  (syn-write) wait for child 9 of 10 returned 8 (expected 8)
  (syn-write) wait for child 10 of 10 returned 9 (expected 9)
  (syn-write) open "stuff"
  (syn-write) read "stuff"
  (syn-write) end
Differences in `diff -u' format:
  (syn-write) begin
  (syn-write) create "stuff"
- (syn-write) exec child 1 of 10: "child-syn-wrt 0"
- (syn-write) exec child 2 of 10: "child-syn-wrt 1"
- (syn-write) exec child 3 of 10: "child-syn-wrt 2"
- (syn-write) exec child 4 of 10: "child-syn-wrt 3"
- (syn-write) exec child 5 of 10: "child-syn-wrt 4"
- (syn-write) exec child 6 of 10: "child-syn-wrt 5"
- (syn-write) exec child 7 of 10: "child-syn-wrt 6"
- (syn-write) exec child 8 of 10: "child-syn-wrt 7"
- (syn-write) exec child 9 of 10: "child-syn-wrt 8"
- (syn-write) exec child 10 of 10: "child-syn-wrt 9"
- (syn-write) wait for child 1 of 10 returned 0 (expected 0)
- (syn-write) wait for child 2 of 10 returned 1 (expected 1)
- (syn-write) wait for child 3 of 10 returned 2 (expected 2)
- (syn-write) wait for child 4 of 10 returned 3 (expected 3)
- (syn-write) wait for child 5 of 10 returned 4 (expected 4)
- (syn-write) wait for child 6 of 10 returned 5 (expected 5)
- (syn-write) wait for child 7 of 10 returned 6 (expected 6)
- (syn-write) wait for child 8 of 10 returned 7 (expected 7)
- (syn-write) wait for child 9 of 10 returned 8 (expected 8)
- (syn-write) wait for child 10 of 10 returned 9 (expected 9)
- (syn-write) open "stuff"
- (syn-write) read "stuff"
- (syn-write) end

(Process exit codes are excluded for matching purposes.)
pintos -v -k -T 600 -m 20 -m 20   --fs-disk=10 -p tests/userprog/no-vm/multi-oom:multi-oom -- -q   -f run multi-oom < /dev/null 2> tests/userprog/no-vm/multi-oom.errors > tests/userprog/no-vm/multi-oom.output
perl -I../.. ../../tests/userprog/no-vm/multi-oom.ck tests/userprog/no-vm/multi-oom tests/userprog/no-vm/multi-oom.result
FAIL tests/userprog/no-vm/multi-oom
Test output failed to match any acceptable form.

Acceptable output:
  (multi-oom) begin
  (multi-oom) Spawned at least 10 children.
  (multi-oom) success. Program forked 10 iterations.
  (multi-oom) end
Differences in `diff -u' format:
  (multi-oom) begin
- (multi-oom) Spawned at least 10 children.
- (multi-oom) success. Program forked 10 iterations.
- (multi-oom) end

(Process exit codes are excluded for matching purposes.)

(User fault messages are excluded for matching purposes.)
pintos -v -k -T 60 -m 20   --fs-disk=10  -- -q  -threads-tests -f run alarm-single < /dev/null 2> tests/threads/alarm-single.errors > tests/threads/alarm-single.output
perl -I../.. ../../tests/threads/alarm-single.ck tests/threads/alarm-single tests/threads/alarm-single.result
pass tests/threads/alarm-single
pintos -v -k -T 60 -m 20   --fs-disk=10  -- -q  -threads-tests -f run alarm-multiple < /dev/null 2> tests/threads/alarm-multiple.errors > tests/threads/alarm-multiple.output
perl -I../.. ../../tests/threads/alarm-multiple.ck tests/threads/alarm-multiple tests/threads/alarm-multiple.result
pass tests/threads/alarm-multiple
pintos -v -k -T 60 -m 20   --fs-disk=10  -- -q  -threads-tests -f run alarm-simultaneous < /dev/null 2> tests/threads/alarm-simultaneous.errors > tests/threads/alarm-simultaneous.output
perl -I../.. ../../tests/threads/alarm-simultaneous.ck tests/threads/alarm-simultaneous tests/threads/alarm-simultaneous.result
pass tests/threads/alarm-simultaneous
pintos -v -k -T 60 -m 20   --fs-disk=10  -- -q  -threads-tests -f run alarm-priority < /dev/null 2> tests/threads/alarm-priority.errors > tests/threads/alarm-priority.output
perl -I../.. ../../tests/threads/alarm-priority.ck tests/threads/alarm-priority tests/threads/alarm-priority.result
pass tests/threads/alarm-priority
pintos -v -k -T 60 -m 20   --fs-disk=10  -- -q  -threads-tests -f run alarm-zero < /dev/null 2> tests/threads/alarm-zero.errors > tests/threads/alarm-zero.output
perl -I../.. ../../tests/threads/alarm-zero.ck tests/threads/alarm-zero tests/threads/alarm-zero.result
pass tests/threads/alarm-zero
pintos -v -k -T 60 -m 20   --fs-disk=10  -- -q  -threads-tests -f run alarm-negative < /dev/null 2> tests/threads/alarm-negative.errors > tests/threads/alarm-negative.output
perl -I../.. ../../tests/threads/alarm-negative.ck tests/threads/alarm-negative tests/threads/alarm-negative.result
pass tests/threads/alarm-negative
pintos -v -k -T 60 -m 20   --fs-disk=10  -- -q  -threads-tests -f run priority-change < /dev/null 2> tests/threads/priority-change.errors > tests/threads/priority-change.output
perl -I../.. ../../tests/threads/priority-change.ck tests/threads/priority-change tests/threads/priority-change.result
pass tests/threads/priority-change
pintos -v -k -T 60 -m 20   --fs-disk=10  -- -q  -threads-tests -f run priority-donate-one < /dev/null 2> tests/threads/priority-donate-one.errors > tests/threads/priority-donate-one.output
perl -I../.. ../../tests/threads/priority-donate-one.ck tests/threads/priority-donate-one tests/threads/priority-donate-one.result
pass tests/threads/priority-donate-one
pintos -v -k -T 60 -m 20   --fs-disk=10  -- -q  -threads-tests -f run priority-donate-multiple < /dev/null 2> tests/threads/priority-donate-multiple.errors > tests/threads/priority-donate-multiple.output
perl -I../.. ../../tests/threads/priority-donate-multiple.ck tests/threads/priority-donate-multiple tests/threads/priority-donate-multiple.result
pass tests/threads/priority-donate-multiple
pintos -v -k -T 60 -m 20   --fs-disk=10  -- -q  -threads-tests -f run priority-donate-multiple2 < /dev/null 2> tests/threads/priority-donate-multiple2.errors > tests/threads/priority-donate-multiple2.output
perl -I../.. ../../tests/threads/priority-donate-multiple2.ck tests/threads/priority-donate-multiple2 tests/threads/priority-donate-multiple2.result
pass tests/threads/priority-donate-multiple2
pintos -v -k -T 60 -m 20   --fs-disk=10  -- -q  -threads-tests -f run priority-donate-nest < /dev/null 2> tests/threads/priority-donate-nest.errors > tests/threads/priority-donate-nest.output
perl -I../.. ../../tests/threads/priority-donate-nest.ck tests/threads/priority-donate-nest tests/threads/priority-donate-nest.result
pass tests/threads/priority-donate-nest
pintos -v -k -T 60 -m 20   --fs-disk=10  -- -q  -threads-tests -f run priority-donate-sema < /dev/null 2> tests/threads/priority-donate-sema.errors > tests/threads/priority-donate-sema.output
perl -I../.. ../../tests/threads/priority-donate-sema.ck tests/threads/priority-donate-sema tests/threads/priority-donate-sema.result
pass tests/threads/priority-donate-sema
pintos -v -k -T 60 -m 20   --fs-disk=10  -- -q  -threads-tests -f run priority-donate-lower < /dev/null 2> tests/threads/priority-donate-lower.errors > tests/threads/priority-donate-lower.output
perl -I../.. ../../tests/threads/priority-donate-lower.ck tests/threads/priority-donate-lower tests/threads/priority-donate-lower.result
pass tests/threads/priority-donate-lower
pintos -v -k -T 60 -m 20   --fs-disk=10  -- -q  -threads-tests -f run priority-fifo < /dev/null 2> tests/threads/priority-fifo.errors > tests/threads/priority-fifo.output
perl -I../.. ../../tests/threads/priority-fifo.ck tests/threads/priority-fifo tests/threads/priority-fifo.result
pass tests/threads/priority-fifo
pintos -v -k -T 60 -m 20   --fs-disk=10  -- -q  -threads-tests -f run priority-preempt < /dev/null 2> tests/threads/priority-preempt.errors > tests/threads/priority-preempt.output
perl -I../.. ../../tests/threads/priority-preempt.ck tests/threads/priority-preempt tests/threads/priority-preempt.result
pass tests/threads/priority-preempt
pintos -v -k -T 60 -m 20   --fs-disk=10  -- -q  -threads-tests -f run priority-sema < /dev/null 2> tests/threads/priority-sema.errors > tests/threads/priority-sema.output
perl -I../.. ../../tests/threads/priority-sema.ck tests/threads/priority-sema tests/threads/priority-sema.result
pass tests/threads/priority-sema
pintos -v -k -T 60 -m 20   --fs-disk=10  -- -q  -threads-tests -f run priority-condvar < /dev/null 2> tests/threads/priority-condvar.errors > tests/threads/priority-condvar.output
perl -I../.. ../../tests/threads/priority-condvar.ck tests/threads/priority-condvar tests/threads/priority-condvar.result
pass tests/threads/priority-condvar
pintos -v -k -T 60 -m 20   --fs-disk=10  -- -q  -threads-tests -f run priority-donate-chain < /dev/null 2> tests/threads/priority-donate-chain.errors > tests/threads/priority-donate-chain.output
perl -I../.. ../../tests/threads/priority-donate-chain.ck tests/threads/priority-donate-chain tests/threads/priority-donate-chain.result
pass tests/threads/priority-donate-chain
pass tests/userprog/args-none
pass tests/userprog/args-single
pass tests/userprog/args-multiple
pass tests/userprog/args-many
pass tests/userprog/args-dbl-space
pass tests/userprog/halt
pass tests/userprog/exit
pass tests/userprog/create-normal
pass tests/userprog/create-empty
pass tests/userprog/create-null
pass tests/userprog/create-bad-ptr
pass tests/userprog/create-long
pass tests/userprog/create-exists
pass tests/userprog/create-bound
FAIL tests/userprog/open-normal
FAIL tests/userprog/open-missing
FAIL tests/userprog/open-boundary
FAIL tests/userprog/open-empty
pass tests/userprog/open-null
pass tests/userprog/open-bad-ptr
FAIL tests/userprog/open-twice
FAIL tests/userprog/close-normal
FAIL tests/userprog/close-twice
pass tests/userprog/close-bad-fd
FAIL tests/userprog/read-normal
FAIL tests/userprog/read-bad-ptr
FAIL tests/userprog/read-boundary
FAIL tests/userprog/read-zero
pass tests/userprog/read-stdout
pass tests/userprog/read-bad-fd
FAIL tests/userprog/write-normal
FAIL tests/userprog/write-bad-ptr
FAIL tests/userprog/write-boundary
FAIL tests/userprog/write-zero
pass tests/userprog/write-stdin
pass tests/userprog/write-bad-fd
FAIL tests/userprog/fork-once
FAIL tests/userprog/fork-multiple
FAIL tests/userprog/fork-recursive
FAIL tests/userprog/fork-read
FAIL tests/userprog/fork-close
FAIL tests/userprog/fork-boundary
pass tests/userprog/exec-once
pass tests/userprog/exec-arg
FAIL tests/userprog/exec-boundary
pass tests/userprog/exec-missing
pass tests/userprog/exec-bad-ptr
FAIL tests/userprog/exec-read
FAIL tests/userprog/wait-simple
FAIL tests/userprog/wait-twice
FAIL tests/userprog/wait-killed
pass tests/userprog/wait-bad-pid
FAIL tests/userprog/multi-recurse
FAIL tests/userprog/multi-child-fd
FAIL tests/userprog/rox-simple
FAIL tests/userprog/rox-child
FAIL tests/userprog/rox-multichild
pass tests/userprog/bad-read
pass tests/userprog/bad-write
pass tests/userprog/bad-read2
pass tests/userprog/bad-write2
pass tests/userprog/bad-jump
pass tests/userprog/bad-jump2
FAIL tests/filesys/base/lg-create
FAIL tests/filesys/base/lg-full
FAIL tests/filesys/base/lg-random
FAIL tests/filesys/base/lg-seq-block
FAIL tests/filesys/base/lg-seq-random
FAIL tests/filesys/base/sm-create
FAIL tests/filesys/base/sm-full
FAIL tests/filesys/base/sm-random
FAIL tests/filesys/base/sm-seq-block
FAIL tests/filesys/base/sm-seq-random
FAIL tests/filesys/base/syn-read
FAIL tests/filesys/base/syn-remove
FAIL tests/filesys/base/syn-write
FAIL tests/userprog/no-vm/multi-oom
pass tests/threads/alarm-single
pass tests/threads/alarm-multiple
pass tests/threads/alarm-simultaneous
pass tests/threads/alarm-priority
pass tests/threads/alarm-zero
pass tests/threads/alarm-negative
pass tests/threads/priority-change
pass tests/threads/priority-donate-one
pass tests/threads/priority-donate-multiple
pass tests/threads/priority-donate-multiple2
pass tests/threads/priority-donate-nest
pass tests/threads/priority-donate-sema
pass tests/threads/priority-donate-lower
pass tests/threads/priority-fifo
pass tests/threads/priority-preempt
pass tests/threads/priority-sema
pass tests/threads/priority-condvar
pass tests/threads/priority-donate-chain
45 of 95 tests failed.
../../tests/Make.tests:28: recipe for target 'check' failed
